2026-03-31 16:03:41,781 [INFO] Loading global train dataset: Dataset\train.parquet
2026-03-31 16:04:27,530 [INFO] Loading global train dataset: Dataset\train.parquet
2026-03-31 16:04:36,166 [INFO] Loading global test dataset: Dataset\test.parquet
2026-03-31 16:04:38,616 [INFO] Loading pre-partitioned client data: Dataset\concept_1.parquet
2026-03-31 16:05:02,791 [INFO] Dataset Description:
2026-03-31 16:05:02,835 [INFO] Dataset: ROAD-CAN
2026-03-31 16:05:02,854 [INFO] Total samples : 27415983
2026-03-31 16:05:02,855 [INFO] Classes       : 2 (Benign, Malicious)
2026-03-31 16:05:02,856 [INFO] Training samples : 21932786
2026-03-31 16:05:02,856 [INFO] Testing samples  : 5483197
2026-03-31 16:05:02,856 [INFO] Number of clients: 10
2026-03-31 16:05:02,861 [INFO] Data distribution: IID
2026-03-31 16:05:02,862 [INFO] Samples per client: ~2193278
2026-03-31 16:05:02,862 [INFO] ---
2026-03-31 16:05:03,955 [INFO] Experimental Setup, model compression / pruning
2026-03-31 16:05:03,956 [INFO] Framework : PyTorch
2026-03-31 16:05:03,961 [INFO] Device    : cpu
2026-03-31 16:05:03,962 [INFO] Batch size: 16
2026-03-31 16:05:03,962 [INFO] Epochs    : 3
2026-03-31 16:05:03,963 [INFO] Learning rate: 0.01
2026-03-31 16:05:03,963 [INFO] Optimizer : SGD
2026-03-31 16:05:03,963 [INFO] ---------------
2026-03-31 16:05:03,963 [INFO] Federated settings:
2026-03-31 16:05:03,963 [INFO] Rounds: 5
2026-03-31 16:05:03,964 [INFO] Clients per round: 10
2026-03-31 16:05:03,964 [INFO] Aggregation: FedAvg
2026-03-31 16:05:03,964 [INFO] ---------------
2026-03-31 16:05:03,965 [INFO] Model: Mlp
2026-03-31 16:05:03,965 [INFO] Pruning sparsity: 0.50 (Actual: 0.50)
2026-03-31 16:05:03,965 [INFO] Remaining parameters: 1393
2026-03-31 16:05:03,965 [INFO] ---
2026-03-31 16:05:03,967 [INFO] Starting Federated Training...
